2020/11/23 19:12:10 INFO  - jmeter.util.JMeterUtils: Setting Locale to en_US 
2020/11/23 19:12:10 INFO  - jmeter.JMeter: Loading user properties from: /usr/share/jmeter/bin/user.properties 
2020/11/23 19:12:10 INFO  - jmeter.JMeter: Loading system properties from: /usr/share/jmeter/bin/system.properties 
2020/11/23 19:12:10 INFO  - jmeter.JMeter: Copyright (c) 1998-2015 The Apache Software Foundation 
2020/11/23 19:12:10 INFO  - jmeter.JMeter: Version 2.13.20170723 
2020/11/23 19:12:10 INFO  - jmeter.JMeter: java.version=11.0.9.1 
2020/11/23 19:12:10 INFO  - jmeter.JMeter: java.vm.name=OpenJDK 64-Bit Server VM 
2020/11/23 19:12:10 INFO  - jmeter.JMeter: os.name=Linux 
2020/11/23 19:12:10 INFO  - jmeter.JMeter: os.arch=amd64 
2020/11/23 19:12:10 INFO  - jmeter.JMeter: os.version=5.4.0-53-generic 
2020/11/23 19:12:10 INFO  - jmeter.JMeter: file.encoding=UTF-8 
2020/11/23 19:12:10 INFO  - jmeter.JMeter: Default Locale=English (United States) 
2020/11/23 19:12:10 INFO  - jmeter.JMeter: JMeter  Locale=English (United States) 
2020/11/23 19:12:10 INFO  - jmeter.JMeter: JMeterHome=/usr/share/jmeter 
2020/11/23 19:12:10 INFO  - jmeter.JMeter: user.dir  =/home/jean-didier/Projects/bigdatastack/TME/kubernetes/configs/deployment 
2020/11/23 19:12:10 INFO  - jmeter.JMeter: PWD       =/home/jean-didier/Projects/bigdatastack/TME/kubernetes/configs/deployment 
2020/11/23 19:12:10 INFO  - jmeter.JMeter: IP: 127.0.1.1 Name: jcloud FullName: jcloud 
2020/11/23 19:12:11 INFO  - jmeter.gui.action.LookAndFeelCommand: Using look and feel: javax.swing.plaf.metal.MetalLookAndFeel [Metal, CrossPlatform] 
2020/11/23 19:12:11 INFO  - jmeter.JMeter: Loaded icon properties from org/apache/jmeter/images/icon.properties 
2020/11/23 19:12:11 INFO  - jmeter.engine.util.CompoundVariable: Note: Function class names must contain the string: '.functions.' 
2020/11/23 19:12:11 INFO  - jmeter.engine.util.CompoundVariable: Note: Function class names must not contain the string: '.gui.' 
2020/11/23 19:12:12 INFO  - jmeter.util.BSFTestElement: Registering JMeter version of JavaScript engine as work-round for BSF-22 
2020/11/23 19:12:12 INFO  - jmeter.protocol.http.sampler.HTTPSamplerBase: Cannot find .className property for htmlParser, using default 
2020/11/23 19:12:12 INFO  - jmeter.protocol.http.sampler.HTTPSamplerBase: Parser for text/html is  
2020/11/23 19:12:12 INFO  - jmeter.protocol.http.sampler.HTTPSamplerBase: Parser for application/xhtml+xml is  
2020/11/23 19:12:12 INFO  - jmeter.protocol.http.sampler.HTTPSamplerBase: Parser for application/xml is  
2020/11/23 19:12:12 INFO  - jmeter.protocol.http.sampler.HTTPSamplerBase: Parser for text/xml is  
2020/11/23 19:12:12 INFO  - jmeter.protocol.http.sampler.HTTPSamplerBase: Parser for text/vnd.wap.wml is org.apache.jmeter.protocol.http.parser.RegexpHTMLParser 
2020/11/23 19:12:12 INFO  - jmeter.gui.util.MenuFactory: Skipping org.apache.jmeter.protocol.http.modifier.gui.ParamModifierGui 
2020/11/23 19:12:13 INFO  - jorphan.exec.KeyToolUtils: keytool found at 'keytool' 
2020/11/23 19:12:13 INFO  - jmeter.protocol.http.proxy.ProxyControl: HTTP(S) Test Script Recorder SSL Proxy will use keys that support embedded 3rd party resources in file /usr/share/jmeter/bin/proxyserver.jks 
2020/11/23 19:12:13 INFO  - jmeter.samplers.SampleResult: Note: Sample TimeStamps are START times 
2020/11/23 19:12:13 INFO  - jmeter.samplers.SampleResult: sampleresult.default.encoding is set to ISO-8859-1 
2020/11/23 19:12:13 INFO  - jmeter.samplers.SampleResult: sampleresult.useNanoTime=true 
2020/11/23 19:12:13 INFO  - jmeter.samplers.SampleResult: sampleresult.nanoThreadSleep=5000 
2020/11/23 19:12:24 INFO  - jmeter.services.FileServer: Default base='/home/jean-didier/Projects/bigdatastack/TME/kubernetes/configs/deployment' 
2020/11/23 19:12:24 INFO  - jmeter.gui.action.Load: Loading file: /home/jean-didier/Downloads/FeedbackCollector.jmx 
2020/11/23 19:12:24 INFO  - jmeter.services.FileServer: Set new base='/home/jean-didier/Downloads' 
2020/11/23 19:12:24 INFO  - jmeter.save.SaveService: Testplan (JMX) version: 2.2. Testlog (JTL) version: 2.2 
2020/11/23 19:12:24 INFO  - jmeter.save.SaveService: Using SaveService properties version 2.8 
2020/11/23 19:12:24 INFO  - jmeter.save.SaveService: Using SaveService properties file version 1656252 
2020/11/23 19:12:24 INFO  - jmeter.save.SaveService: Using SaveService properties file encoding UTF-8 
2020/11/23 19:12:24 INFO  - jmeter.save.SaveService: All converter versions present and correct 
2020/11/23 19:12:24 INFO  - jmeter.save.SaveService: Loading file: /home/jean-didier/Downloads/FeedbackCollector.jmx 
2020/11/23 19:12:24 INFO  - jmeter.services.FileServer: Set new base='/home/jean-didier/Downloads' 
2020/11/23 19:12:34 INFO  - jmeter.engine.StandardJMeterEngine: Listeners will be started after enabling running version 
2020/11/23 19:12:34 INFO  - jmeter.engine.StandardJMeterEngine: To revert to the earlier behaviour, define jmeterengine.startlistenerslater=false 
2020/11/23 19:12:34 INFO  - jmeter.engine.StandardJMeterEngine: Running the test! 
2020/11/23 19:12:34 INFO  - jmeter.samplers.SampleEvent: List of sample_variables: [] 
2020/11/23 19:12:34 INFO  - jmeter.samplers.SampleEvent: List of sample_variables: [] 
2020/11/23 19:12:34 INFO  - jmeter.gui.util.JMeterMenuBar: setRunning(true,*local*) 
2020/11/23 19:12:34 INFO  - jmeter.engine.StandardJMeterEngine: Starting ThreadGroup: 1 : Thread Group  
2020/11/23 19:12:34 INFO  - jmeter.engine.StandardJMeterEngine: Starting 5 threads for group Thread Group . 
2020/11/23 19:12:34 INFO  - jmeter.engine.StandardJMeterEngine: Thread will continue on error 
2020/11/23 19:12:34 INFO  - jmeter.threads.ThreadGroup: Starting thread group number 1 threads 5 ramp-up 30 perThread 6000.0 delayedStart=true 
2020/11/23 19:12:34 INFO  - jmeter.threads.ThreadGroup: Started thread group number 1 
2020/11/23 19:12:34 INFO  - jmeter.engine.StandardJMeterEngine: All thread groups have been started 
2020/11/23 19:12:34 INFO  - jmeter.threads.JMeterThread: jmeterthread.startearlier=true (see jmeter.properties) 
2020/11/23 19:12:34 INFO  - jmeter.threads.JMeterThread: Running PostProcessors in forward order 
2020/11/23 19:12:34 INFO  - jmeter.threads.JMeterThread: Thread started: Thread Group  1-1 
2020/11/23 19:12:34 INFO  - jmeter.protocol.http.sampler.HTTPHCAbstractImpl: Local host = jcloud 
2020/11/23 19:12:34 INFO  - jmeter.protocol.http.sampler.HTTPHC4Impl: HTTP request retry count = 0 
2020/11/23 19:12:34 INFO  - jmeter.protocol.http.sampler.HTTPHC4Impl: Setting up HTTPS TrustAll scheme 
2020/11/23 19:12:34 INFO  - jmeter.util.JsseSSLManager: Using default SSL protocol: TLS 
2020/11/23 19:12:34 INFO  - jmeter.util.JsseSSLManager: SSL session context: per-thread 
2020/11/23 19:12:35 INFO  - jmeter.reporters.Summariser: Generate Summary Results +      1 in     1s =    1.0/s Avg:   611 Min:   611 Max:   611 Err:     0 (0.00%) Active: 1 Started: 1 Finished: 0 
2020/11/23 19:12:40 INFO  - jmeter.threads.JMeterThread: Thread started: Thread Group  1-2 
2020/11/23 19:12:46 INFO  - jmeter.threads.JMeterThread: Thread started: Thread Group  1-3 
2020/11/23 19:12:52 INFO  - jmeter.threads.JMeterThread: Thread started: Thread Group  1-4 
2020/11/23 19:12:58 INFO  - jmeter.threads.JMeterThread: Thread started: Thread Group  1-5 
2020/11/23 19:13:00 INFO  - jmeter.reporters.Summariser: Generate Summary Results +    255 in  24.5s =   10.4/s Avg:   243 Min:   205 Max:   664 Err:     0 (0.00%) Active: 5 Started: 5 Finished: 0 
2020/11/23 19:13:00 INFO  - jmeter.reporters.Summariser: Generate Summary Results =    256 in  25.5s =   10.1/s Avg:   244 Min:   205 Max:   664 Err:     0 (0.00%) 
2020/11/23 19:13:30 INFO  - jmeter.reporters.Summariser: Generate Summary Results +    556 in  30.1s =   18.5/s Avg:   261 Min:   206 Max:   477 Err:     0 (0.00%) Active: 5 Started: 5 Finished: 0 
2020/11/23 19:13:30 INFO  - jmeter.reporters.Summariser: Generate Summary Results =    812 in    56s =   14.6/s Avg:   256 Min:   205 Max:   664 Err:     0 (0.00%) 
2020/11/23 19:14:00 INFO  - jmeter.reporters.Summariser: Generate Summary Results +    536 in    30s =   17.9/s Avg:   270 Min:   205 Max:   546 Err:     0 (0.00%) Active: 5 Started: 5 Finished: 0 
2020/11/23 19:14:00 INFO  - jmeter.reporters.Summariser: Generate Summary Results =   1348 in  85.4s =   15.8/s Avg:   261 Min:   205 Max:   664 Err:     0 (0.00%) 
2020/11/23 19:14:30 INFO  - jmeter.reporters.Summariser: Generate Summary Results +    538 in  30.1s =   17.9/s Avg:   273 Min:   205 Max:   576 Err:     0 (0.00%) Active: 5 Started: 5 Finished: 0 
2020/11/23 19:14:30 INFO  - jmeter.reporters.Summariser: Generate Summary Results =   1886 in   116s =   16.3/s Avg:   265 Min:   205 Max:   664 Err:     0 (0.00%) 
2020/11/23 19:15:00 INFO  - jmeter.reporters.Summariser: Generate Summary Results +    531 in  30.1s =   17.6/s Avg:   275 Min:   205 Max:   685 Err:     0 (0.00%) Active: 5 Started: 5 Finished: 0 
2020/11/23 19:15:00 INFO  - jmeter.reporters.Summariser: Generate Summary Results =   2417 in   146s =   16.6/s Avg:   267 Min:   205 Max:   685 Err:     0 (0.00%) 
2020/11/23 19:15:25 INFO  - jmeter.gui.action.Start: Stopping test 
2020/11/23 19:15:25 INFO  - jmeter.threads.JMeterThread: Stopping: Thread Group  1-1 
2020/11/23 19:15:25 WARN  - jmeter.threads.JMeterThread: Interrupting: Thread Group  1-1 sampler: HTTP Request B6 
2020/11/23 19:15:25 INFO  - jmeter.threads.JMeterThread: Stopping: Thread Group  1-5 
2020/11/23 19:15:25 WARN  - jmeter.threads.JMeterThread: Interrupting: Thread Group  1-5 sampler: HTTP Request A1  
2020/11/23 19:15:25 INFO  - jmeter.threads.JMeterThread: Stopping: Thread Group  1-3 
2020/11/23 19:15:25 WARN  - jmeter.threads.JMeterThread: Interrupting: Thread Group  1-3 sampler: HTTP Request B6 
2020/11/23 19:15:25 WARN  - jmeter.util.JMeterUtils: Interrupted in thread Thread Group  1-5 java.lang.InterruptedException
	at java.base/java.lang.Object.wait(Native Method)
	at java.base/java.lang.Object.wait(Object.java:328)
	at java.desktop/java.awt.EventQueue.invokeAndWait(EventQueue.java:1361)
	at java.desktop/java.awt.EventQueue.invokeAndWait(EventQueue.java:1342)
	at java.desktop/javax.swing.SwingUtilities.invokeAndWait(SwingUtilities.java:1480)
	at org.apache.jmeter.util.JMeterUtils.runSafe(JMeterUtils.java:1322)
	at org.apache.jmeter.visualizers.ViewResultsFullVisualizer.add(ViewResultsFullVisualizer.java:134)
	at org.apache.jmeter.reporters.ResultCollector.sendToVisualizer(ResultCollector.java:595)
	at org.apache.jmeter.reporters.ResultCollector.sampleOccurred(ResultCollector.java:571)
	at org.apache.jmeter.threads.ListenerNotifier.notifyListeners(ListenerNotifier.java:84)
	at org.apache.jmeter.threads.JMeterThread.notifyListeners(JMeterThread.java:796)
	at org.apache.jmeter.threads.JMeterThread.process_sampler(JMeterThread.java:456)
	at org.apache.jmeter.threads.JMeterThread.run(JMeterThread.java:261)
	at java.base/java.lang.Thread.run(Thread.java:834)

2020/11/23 19:15:25 WARN  - jmeter.util.JMeterUtils: Interrupted in thread Thread Group  1-1 java.lang.InterruptedException
	at java.base/java.lang.Object.wait(Native Method)
	at java.base/java.lang.Object.wait(Object.java:328)
	at java.desktop/java.awt.EventQueue.invokeAndWait(EventQueue.java:1361)
	at java.desktop/java.awt.EventQueue.invokeAndWait(EventQueue.java:1342)
	at java.desktop/javax.swing.SwingUtilities.invokeAndWait(SwingUtilities.java:1480)
	at org.apache.jmeter.util.JMeterUtils.runSafe(JMeterUtils.java:1322)
	at org.apache.jmeter.visualizers.ViewResultsFullVisualizer.add(ViewResultsFullVisualizer.java:134)
	at org.apache.jmeter.reporters.ResultCollector.sendToVisualizer(ResultCollector.java:595)
	at org.apache.jmeter.reporters.ResultCollector.sampleOccurred(ResultCollector.java:571)
	at org.apache.jmeter.threads.ListenerNotifier.notifyListeners(ListenerNotifier.java:84)
	at org.apache.jmeter.threads.JMeterThread.notifyListeners(JMeterThread.java:796)
	at org.apache.jmeter.threads.JMeterThread.process_sampler(JMeterThread.java:456)
	at org.apache.jmeter.threads.JMeterThread.run(JMeterThread.java:261)
	at java.base/java.lang.Thread.run(Thread.java:834)

2020/11/23 19:15:25 WARN  - jmeter.threads.JMeterThread: No operation pending 
2020/11/23 19:15:25 INFO  - jmeter.threads.JMeterThread: Stopping: Thread Group  1-4 
2020/11/23 19:15:25 WARN  - jmeter.util.JMeterUtils: Interrupted in thread Thread Group  1-3 java.lang.InterruptedException
	at java.base/java.lang.Object.wait(Native Method)
	at java.base/java.lang.Object.wait(Object.java:328)
	at java.desktop/java.awt.EventQueue.invokeAndWait(EventQueue.java:1361)
	at java.desktop/java.awt.EventQueue.invokeAndWait(EventQueue.java:1342)
	at java.desktop/javax.swing.SwingUtilities.invokeAndWait(SwingUtilities.java:1480)
	at org.apache.jmeter.util.JMeterUtils.runSafe(JMeterUtils.java:1322)
	at org.apache.jmeter.visualizers.ViewResultsFullVisualizer.add(ViewResultsFullVisualizer.java:134)
	at org.apache.jmeter.reporters.ResultCollector.sendToVisualizer(ResultCollector.java:595)
	at org.apache.jmeter.reporters.ResultCollector.sampleOccurred(ResultCollector.java:571)
	at org.apache.jmeter.threads.ListenerNotifier.notifyListeners(ListenerNotifier.java:84)
	at org.apache.jmeter.threads.JMeterThread.notifyListeners(JMeterThread.java:796)
	at org.apache.jmeter.threads.JMeterThread.process_sampler(JMeterThread.java:456)
	at org.apache.jmeter.threads.JMeterThread.run(JMeterThread.java:261)
	at java.base/java.lang.Thread.run(Thread.java:834)

2020/11/23 19:15:25 WARN  - jmeter.threads.JMeterThread: Interrupting: Thread Group  1-4 sampler: HTTP Request A4 
2020/11/23 19:15:25 INFO  - jmeter.threads.JMeterThread: Stopping: Thread Group  1-2 
2020/11/23 19:15:25 WARN  - jmeter.threads.JMeterThread: Interrupting: Thread Group  1-2 sampler: HTTP Request B5 
2020/11/23 19:15:25 WARN  - jmeter.util.JMeterUtils: Interrupted in thread Thread Group  1-4 java.lang.InterruptedException
	at java.base/java.lang.Object.wait(Native Method)
	at java.base/java.lang.Object.wait(Object.java:328)
	at java.desktop/java.awt.EventQueue.invokeAndWait(EventQueue.java:1361)
	at java.desktop/java.awt.EventQueue.invokeAndWait(EventQueue.java:1342)
	at java.desktop/javax.swing.SwingUtilities.invokeAndWait(SwingUtilities.java:1480)
	at org.apache.jmeter.util.JMeterUtils.runSafe(JMeterUtils.java:1322)
	at org.apache.jmeter.visualizers.ViewResultsFullVisualizer.add(ViewResultsFullVisualizer.java:134)
	at org.apache.jmeter.reporters.ResultCollector.sendToVisualizer(ResultCollector.java:595)
	at org.apache.jmeter.reporters.ResultCollector.sampleOccurred(ResultCollector.java:571)
	at org.apache.jmeter.threads.ListenerNotifier.notifyListeners(ListenerNotifier.java:84)
	at org.apache.jmeter.threads.JMeterThread.notifyListeners(JMeterThread.java:796)
	at org.apache.jmeter.threads.JMeterThread.process_sampler(JMeterThread.java:456)
	at org.apache.jmeter.threads.JMeterThread.run(JMeterThread.java:261)
	at java.base/java.lang.Thread.run(Thread.java:834)

2020/11/23 19:15:25 WARN  - jmeter.util.JMeterUtils: Interrupted in thread Thread Group  1-2 java.lang.InterruptedException
	at java.base/java.lang.Object.wait(Native Method)
	at java.base/java.lang.Object.wait(Object.java:328)
	at java.desktop/java.awt.EventQueue.invokeAndWait(EventQueue.java:1361)
	at java.desktop/java.awt.EventQueue.invokeAndWait(EventQueue.java:1342)
	at java.desktop/javax.swing.SwingUtilities.invokeAndWait(SwingUtilities.java:1480)
	at org.apache.jmeter.util.JMeterUtils.runSafe(JMeterUtils.java:1322)
	at org.apache.jmeter.visualizers.ViewResultsFullVisualizer.add(ViewResultsFullVisualizer.java:134)
	at org.apache.jmeter.reporters.ResultCollector.sendToVisualizer(ResultCollector.java:595)
	at org.apache.jmeter.reporters.ResultCollector.sampleOccurred(ResultCollector.java:571)
	at org.apache.jmeter.threads.ListenerNotifier.notifyListeners(ListenerNotifier.java:84)
	at org.apache.jmeter.threads.JMeterThread.notifyListeners(JMeterThread.java:796)
	at org.apache.jmeter.threads.JMeterThread.process_sampler(JMeterThread.java:456)
	at org.apache.jmeter.threads.JMeterThread.run(JMeterThread.java:261)
	at java.base/java.lang.Thread.run(Thread.java:834)

2020/11/23 19:15:25 INFO  - jmeter.threads.JMeterThread: Thread finished: Thread Group  1-1 
2020/11/23 19:15:25 INFO  - jmeter.threads.JMeterThread: Thread finished: Thread Group  1-3 
2020/11/23 19:15:25 INFO  - jmeter.threads.JMeterThread: Thread finished: Thread Group  1-2 
2020/11/23 19:15:25 INFO  - jmeter.threads.JMeterThread: Thread finished: Thread Group  1-5 
2020/11/23 19:15:25 INFO  - jmeter.threads.JMeterThread: Thread finished: Thread Group  1-4 
2020/11/23 19:15:25 INFO  - jmeter.engine.StandardJMeterEngine: Notifying test listeners of end of test 
2020/11/23 19:15:25 INFO  - jmeter.reporters.Summariser: Generate Summary Results +    438 in  25.1s =   17.5/s Avg:   281 Min:    82 Max:  1284 Err:     4 (0.91%) Active: 0 Started: 5 Finished: 5 
2020/11/23 19:15:25 INFO  - jmeter.reporters.Summariser: Generate Summary Results =   2855 in   171s =   16.7/s Avg:   269 Min:    82 Max:  1284 Err:     4 (0.14%) 
2020/11/23 19:15:25 INFO  - jmeter.gui.util.JMeterMenuBar: setRunning(false,*local*) 
2020/11/23 19:15:26 INFO  - jmeter.engine.StandardJMeterEngine: Running the test! 
2020/11/23 19:15:26 INFO  - jmeter.samplers.SampleEvent: List of sample_variables: [] 
2020/11/23 19:15:26 INFO  - jmeter.gui.util.JMeterMenuBar: setRunning(true,*local*) 
2020/11/23 19:15:26 INFO  - jmeter.engine.StandardJMeterEngine: Starting ThreadGroup: 1 : Thread Group  
2020/11/23 19:15:26 INFO  - jmeter.engine.StandardJMeterEngine: Starting 10 threads for group Thread Group . 
2020/11/23 19:15:26 INFO  - jmeter.engine.StandardJMeterEngine: Thread will continue on error 
2020/11/23 19:15:26 INFO  - jmeter.threads.ThreadGroup: Starting thread group number 1 threads 10 ramp-up 30 perThread 3000.0 delayedStart=true 
2020/11/23 19:15:26 INFO  - jmeter.threads.ThreadGroup: Started thread group number 1 
2020/11/23 19:15:26 INFO  - jmeter.engine.StandardJMeterEngine: All thread groups have been started 
2020/11/23 19:15:26 INFO  - jmeter.threads.JMeterThread: Thread started: Thread Group  1-1 
2020/11/23 19:15:29 INFO  - jmeter.threads.JMeterThread: Thread started: Thread Group  1-2 
2020/11/23 19:15:30 INFO  - jmeter.reporters.Summariser: Generate Summary Results +     11 in     4s =    2.9/s Avg:   332 Min:   200 Max:   726 Err:     0 (0.00%) Active: 2 Started: 2 Finished: 0 
2020/11/23 19:15:32 INFO  - jmeter.threads.JMeterThread: Thread started: Thread Group  1-3 
2020/11/23 19:15:35 INFO  - jmeter.threads.JMeterThread: Thread started: Thread Group  1-4 
2020/11/23 19:15:38 INFO  - jmeter.threads.JMeterThread: Thread started: Thread Group  1-5 
2020/11/23 19:15:41 INFO  - jmeter.threads.JMeterThread: Thread started: Thread Group  1-6 
2020/11/23 19:15:44 INFO  - jmeter.threads.JMeterThread: Thread started: Thread Group  1-7 
2020/11/23 19:15:47 INFO  - jmeter.threads.JMeterThread: Thread started: Thread Group  1-8 
2020/11/23 19:15:50 INFO  - jmeter.threads.JMeterThread: Thread started: Thread Group  1-9 
2020/11/23 19:15:53 INFO  - jmeter.threads.JMeterThread: Thread started: Thread Group  1-10 
2020/11/23 19:16:00 INFO  - jmeter.reporters.Summariser: Generate Summary Results +    958 in    30s =   32.0/s Avg:   198 Min:   138 Max:  2285 Err:     0 (0.00%) Active: 10 Started: 10 Finished: 0 
2020/11/23 19:16:00 INFO  - jmeter.reporters.Summariser: Generate Summary Results =    969 in    34s =   28.8/s Avg:   199 Min:   138 Max:  2285 Err:     0 (0.00%) 
2020/11/23 19:16:28 INFO  - jmeter.gui.action.Start: Stopping test 
2020/11/23 19:16:28 INFO  - jmeter.threads.JMeterThread: Stopping: Thread Group  1-8 
2020/11/23 19:16:28 WARN  - jmeter.threads.JMeterThread: Interrupting: Thread Group  1-8 sampler: HTTP Request B6 
2020/11/23 19:16:28 INFO  - jmeter.threads.JMeterThread: Stopping: Thread Group  1-10 
2020/11/23 19:16:28 WARN  - jmeter.threads.JMeterThread: Interrupting: Thread Group  1-10 sampler: HTTP Request B4 
2020/11/23 19:16:28 INFO  - jmeter.threads.JMeterThread: Stopping: Thread Group  1-3 
2020/11/23 19:16:28 WARN  - jmeter.threads.JMeterThread: Interrupting: Thread Group  1-3 sampler: HTTP Request B1 
2020/11/23 19:16:28 INFO  - jmeter.threads.JMeterThread: Stopping: Thread Group  1-4 
2020/11/23 19:16:28 WARN  - jmeter.threads.JMeterThread: Interrupting: Thread Group  1-4 sampler: HTTP Request B6 
2020/11/23 19:16:28 INFO  - jmeter.threads.JMeterThread: Stopping: Thread Group  1-5 
2020/11/23 19:16:28 WARN  - jmeter.threads.JMeterThread: Interrupting: Thread Group  1-5 sampler: HTTP Request A4 
2020/11/23 19:16:28 INFO  - jmeter.threads.JMeterThread: Stopping: Thread Group  1-7 
2020/11/23 19:16:28 WARN  - jmeter.threads.JMeterThread: Interrupting: Thread Group  1-7 sampler: HTTP Request A4 
2020/11/23 19:16:28 WARN  - jmeter.util.JMeterUtils: Interrupted in thread Thread Group  1-10 java.lang.InterruptedException
	at java.base/java.lang.Object.wait(Native Method)
	at java.base/java.lang.Object.wait(Object.java:328)
	at java.desktop/java.awt.EventQueue.invokeAndWait(EventQueue.java:1361)
	at java.desktop/java.awt.EventQueue.invokeAndWait(EventQueue.java:1342)
	at java.desktop/javax.swing.SwingUtilities.invokeAndWait(SwingUtilities.java:1480)
	at org.apache.jmeter.util.JMeterUtils.runSafe(JMeterUtils.java:1322)
	at org.apache.jmeter.visualizers.ViewResultsFullVisualizer.add(ViewResultsFullVisualizer.java:134)
	at org.apache.jmeter.reporters.ResultCollector.sendToVisualizer(ResultCollector.java:595)
	at org.apache.jmeter.reporters.ResultCollector.sampleOccurred(ResultCollector.java:571)
	at org.apache.jmeter.threads.ListenerNotifier.notifyListeners(ListenerNotifier.java:84)
	at org.apache.jmeter.threads.JMeterThread.notifyListeners(JMeterThread.java:796)
	at org.apache.jmeter.threads.JMeterThread.process_sampler(JMeterThread.java:456)
	at org.apache.jmeter.threads.JMeterThread.run(JMeterThread.java:261)
	at java.base/java.lang.Thread.run(Thread.java:834)

2020/11/23 19:16:28 WARN  - jmeter.util.JMeterUtils: Interrupted in thread Thread Group  1-8 java.lang.InterruptedException
	at java.base/java.lang.Object.wait(Native Method)
	at java.base/java.lang.Object.wait(Object.java:328)
	at java.desktop/java.awt.EventQueue.invokeAndWait(EventQueue.java:1361)
	at java.desktop/java.awt.EventQueue.invokeAndWait(EventQueue.java:1342)
	at java.desktop/javax.swing.SwingUtilities.invokeAndWait(SwingUtilities.java:1480)
	at org.apache.jmeter.util.JMeterUtils.runSafe(JMeterUtils.java:1322)
	at org.apache.jmeter.visualizers.ViewResultsFullVisualizer.add(ViewResultsFullVisualizer.java:134)
	at org.apache.jmeter.reporters.ResultCollector.sendToVisualizer(ResultCollector.java:595)
	at org.apache.jmeter.reporters.ResultCollector.sampleOccurred(ResultCollector.java:571)
	at org.apache.jmeter.threads.ListenerNotifier.notifyListeners(ListenerNotifier.java:84)
	at org.apache.jmeter.threads.JMeterThread.notifyListeners(JMeterThread.java:796)
	at org.apache.jmeter.threads.JMeterThread.process_sampler(JMeterThread.java:456)
	at org.apache.jmeter.threads.JMeterThread.run(JMeterThread.java:261)
	at java.base/java.lang.Thread.run(Thread.java:834)

2020/11/23 19:16:28 INFO  - jmeter.threads.JMeterThread: Stopping: Thread Group  1-1 
2020/11/23 19:16:28 WARN  - jmeter.threads.JMeterThread: Interrupting: Thread Group  1-1 sampler: HTTP Request B3 
2020/11/23 19:16:28 WARN  - jmeter.util.JMeterUtils: Interrupted in thread Thread Group  1-5 java.lang.InterruptedException
	at java.base/java.lang.Object.wait(Native Method)
	at java.base/java.lang.Object.wait(Object.java:328)
	at java.desktop/java.awt.EventQueue.invokeAndWait(EventQueue.java:1361)
	at java.desktop/java.awt.EventQueue.invokeAndWait(EventQueue.java:1342)
	at java.desktop/javax.swing.SwingUtilities.invokeAndWait(SwingUtilities.java:1480)
	at org.apache.jmeter.util.JMeterUtils.runSafe(JMeterUtils.java:1322)
	at org.apache.jmeter.visualizers.ViewResultsFullVisualizer.add(ViewResultsFullVisualizer.java:134)
	at org.apache.jmeter.reporters.ResultCollector.sendToVisualizer(ResultCollector.java:595)
	at org.apache.jmeter.reporters.ResultCollector.sampleOccurred(ResultCollector.java:571)
	at org.apache.jmeter.threads.ListenerNotifier.notifyListeners(ListenerNotifier.java:84)
	at org.apache.jmeter.threads.JMeterThread.notifyListeners(JMeterThread.java:796)
	at org.apache.jmeter.threads.JMeterThread.process_sampler(JMeterThread.java:456)
	at org.apache.jmeter.threads.JMeterThread.run(JMeterThread.java:261)
	at java.base/java.lang.Thread.run(Thread.java:834)

2020/11/23 19:16:28 WARN  - jmeter.util.JMeterUtils: Interrupted in thread Thread Group  1-1 java.lang.InterruptedException
	at java.base/java.lang.Object.wait(Native Method)
	at java.base/java.lang.Object.wait(Object.java:328)
	at java.desktop/java.awt.EventQueue.invokeAndWait(EventQueue.java:1361)
	at java.desktop/java.awt.EventQueue.invokeAndWait(EventQueue.java:1342)
	at java.desktop/javax.swing.SwingUtilities.invokeAndWait(SwingUtilities.java:1480)
	at org.apache.jmeter.util.JMeterUtils.runSafe(JMeterUtils.java:1322)
	at org.apache.jmeter.visualizers.ViewResultsFullVisualizer.add(ViewResultsFullVisualizer.java:134)
	at org.apache.jmeter.reporters.ResultCollector.sendToVisualizer(ResultCollector.java:595)
	at org.apache.jmeter.reporters.ResultCollector.sampleOccurred(ResultCollector.java:571)
	at org.apache.jmeter.threads.ListenerNotifier.notifyListeners(ListenerNotifier.java:84)
	at org.apache.jmeter.threads.JMeterThread.notifyListeners(JMeterThread.java:796)
	at org.apache.jmeter.threads.JMeterThread.process_sampler(JMeterThread.java:456)
	at org.apache.jmeter.threads.JMeterThread.run(JMeterThread.java:261)
	at java.base/java.lang.Thread.run(Thread.java:834)

2020/11/23 19:16:28 WARN  - jmeter.util.JMeterUtils: Interrupted in thread Thread Group  1-4 java.lang.InterruptedException
	at java.base/java.lang.Object.wait(Native Method)
	at java.base/java.lang.Object.wait(Object.java:328)
	at java.desktop/java.awt.EventQueue.invokeAndWait(EventQueue.java:1361)
	at java.desktop/java.awt.EventQueue.invokeAndWait(EventQueue.java:1342)
	at java.desktop/javax.swing.SwingUtilities.invokeAndWait(SwingUtilities.java:1480)
	at org.apache.jmeter.util.JMeterUtils.runSafe(JMeterUtils.java:1322)
	at org.apache.jmeter.visualizers.ViewResultsFullVisualizer.add(ViewResultsFullVisualizer.java:134)
	at org.apache.jmeter.reporters.ResultCollector.sendToVisualizer(ResultCollector.java:595)
	at org.apache.jmeter.reporters.ResultCollector.sampleOccurred(ResultCollector.java:571)
	at org.apache.jmeter.threads.ListenerNotifier.notifyListeners(ListenerNotifier.java:84)
	at org.apache.jmeter.threads.JMeterThread.notifyListeners(JMeterThread.java:796)
	at org.apache.jmeter.threads.JMeterThread.process_sampler(JMeterThread.java:456)
	at org.apache.jmeter.threads.JMeterThread.run(JMeterThread.java:261)
	at java.base/java.lang.Thread.run(Thread.java:834)

2020/11/23 19:16:28 WARN  - jmeter.util.JMeterUtils: Interrupted in thread Thread Group  1-7 java.lang.InterruptedException
	at java.base/java.lang.Object.wait(Native Method)
	at java.base/java.lang.Object.wait(Object.java:328)
	at java.desktop/java.awt.EventQueue.invokeAndWait(EventQueue.java:1361)
	at java.desktop/java.awt.EventQueue.invokeAndWait(EventQueue.java:1342)
	at java.desktop/javax.swing.SwingUtilities.invokeAndWait(SwingUtilities.java:1480)
	at org.apache.jmeter.util.JMeterUtils.runSafe(JMeterUtils.java:1322)
	at org.apache.jmeter.visualizers.ViewResultsFullVisualizer.add(ViewResultsFullVisualizer.java:134)
	at org.apache.jmeter.reporters.ResultCollector.sendToVisualizer(ResultCollector.java:595)
	at org.apache.jmeter.reporters.ResultCollector.sampleOccurred(ResultCollector.java:571)
	at org.apache.jmeter.threads.ListenerNotifier.notifyListeners(ListenerNotifier.java:84)
	at org.apache.jmeter.threads.JMeterThread.notifyListeners(JMeterThread.java:796)
	at org.apache.jmeter.threads.JMeterThread.process_sampler(JMeterThread.java:456)
	at org.apache.jmeter.threads.JMeterThread.run(JMeterThread.java:261)
	at java.base/java.lang.Thread.run(Thread.java:834)

2020/11/23 19:16:28 WARN  - jmeter.util.JMeterUtils: Interrupted in thread Thread Group  1-3 java.lang.InterruptedException
	at java.base/java.lang.Object.wait(Native Method)
	at java.base/java.lang.Object.wait(Object.java:328)
	at java.desktop/java.awt.EventQueue.invokeAndWait(EventQueue.java:1361)
	at java.desktop/java.awt.EventQueue.invokeAndWait(EventQueue.java:1342)
	at java.desktop/javax.swing.SwingUtilities.invokeAndWait(SwingUtilities.java:1480)
	at org.apache.jmeter.util.JMeterUtils.runSafe(JMeterUtils.java:1322)
	at org.apache.jmeter.visualizers.ViewResultsFullVisualizer.add(ViewResultsFullVisualizer.java:134)
	at org.apache.jmeter.reporters.ResultCollector.sendToVisualizer(ResultCollector.java:595)
	at org.apache.jmeter.reporters.ResultCollector.sampleOccurred(ResultCollector.java:571)
	at org.apache.jmeter.threads.ListenerNotifier.notifyListeners(ListenerNotifier.java:84)
	at org.apache.jmeter.threads.JMeterThread.notifyListeners(JMeterThread.java:796)
	at org.apache.jmeter.threads.JMeterThread.process_sampler(JMeterThread.java:456)
	at org.apache.jmeter.threads.JMeterThread.run(JMeterThread.java:261)
	at java.base/java.lang.Thread.run(Thread.java:834)

2020/11/23 19:16:28 INFO  - jmeter.threads.JMeterThread: Stopping: Thread Group  1-6 
2020/11/23 19:16:28 WARN  - jmeter.threads.JMeterThread: Interrupting: Thread Group  1-6 sampler: HTTP Request B1 
2020/11/23 19:16:28 INFO  - jmeter.threads.JMeterThread: Stopping: Thread Group  1-9 
2020/11/23 19:16:28 WARN  - jmeter.threads.JMeterThread: Interrupting: Thread Group  1-9 sampler: HTTP Request B5 
2020/11/23 19:16:28 INFO  - jmeter.threads.JMeterThread: Stopping: Thread Group  1-2 
2020/11/23 19:16:28 WARN  - jmeter.threads.JMeterThread: Interrupting: Thread Group  1-2 sampler: HTTP Request A1  
2020/11/23 19:16:28 WARN  - jmeter.util.JMeterUtils: Interrupted in thread Thread Group  1-6 java.lang.InterruptedException
	at java.base/java.lang.Object.wait(Native Method)
	at java.base/java.lang.Object.wait(Object.java:328)
	at java.desktop/java.awt.EventQueue.invokeAndWait(EventQueue.java:1361)
	at java.desktop/java.awt.EventQueue.invokeAndWait(EventQueue.java:1342)
	at java.desktop/javax.swing.SwingUtilities.invokeAndWait(SwingUtilities.java:1480)
	at org.apache.jmeter.util.JMeterUtils.runSafe(JMeterUtils.java:1322)
	at org.apache.jmeter.visualizers.ViewResultsFullVisualizer.add(ViewResultsFullVisualizer.java:134)
	at org.apache.jmeter.reporters.ResultCollector.sendToVisualizer(ResultCollector.java:595)
	at org.apache.jmeter.reporters.ResultCollector.sampleOccurred(ResultCollector.java:571)
	at org.apache.jmeter.threads.ListenerNotifier.notifyListeners(ListenerNotifier.java:84)
	at org.apache.jmeter.threads.JMeterThread.notifyListeners(JMeterThread.java:796)
	at org.apache.jmeter.threads.JMeterThread.process_sampler(JMeterThread.java:456)
	at org.apache.jmeter.threads.JMeterThread.run(JMeterThread.java:261)
	at java.base/java.lang.Thread.run(Thread.java:834)

2020/11/23 19:16:28 WARN  - jmeter.util.JMeterUtils: Interrupted in thread Thread Group  1-9 java.lang.InterruptedException
	at java.base/java.lang.Object.wait(Native Method)
	at java.base/java.lang.Object.wait(Object.java:328)
	at java.desktop/java.awt.EventQueue.invokeAndWait(EventQueue.java:1361)
	at java.desktop/java.awt.EventQueue.invokeAndWait(EventQueue.java:1342)
	at java.desktop/javax.swing.SwingUtilities.invokeAndWait(SwingUtilities.java:1480)
	at org.apache.jmeter.util.JMeterUtils.runSafe(JMeterUtils.java:1322)
	at org.apache.jmeter.visualizers.ViewResultsFullVisualizer.add(ViewResultsFullVisualizer.java:134)
	at org.apache.jmeter.reporters.ResultCollector.sendToVisualizer(ResultCollector.java:595)
	at org.apache.jmeter.reporters.ResultCollector.sampleOccurred(ResultCollector.java:571)
	at org.apache.jmeter.threads.ListenerNotifier.notifyListeners(ListenerNotifier.java:84)
	at org.apache.jmeter.threads.JMeterThread.notifyListeners(JMeterThread.java:796)
	at org.apache.jmeter.threads.JMeterThread.process_sampler(JMeterThread.java:456)
	at org.apache.jmeter.threads.JMeterThread.run(JMeterThread.java:261)
	at java.base/java.lang.Thread.run(Thread.java:834)

2020/11/23 19:16:28 WARN  - jmeter.util.JMeterUtils: Interrupted in thread Thread Group  1-2 java.lang.InterruptedException
	at java.base/java.lang.Object.wait(Native Method)
	at java.base/java.lang.Object.wait(Object.java:328)
	at java.desktop/java.awt.EventQueue.invokeAndWait(EventQueue.java:1361)
	at java.desktop/java.awt.EventQueue.invokeAndWait(EventQueue.java:1342)
	at java.desktop/javax.swing.SwingUtilities.invokeAndWait(SwingUtilities.java:1480)
	at org.apache.jmeter.util.JMeterUtils.runSafe(JMeterUtils.java:1322)
	at org.apache.jmeter.visualizers.ViewResultsFullVisualizer.add(ViewResultsFullVisualizer.java:134)
	at org.apache.jmeter.reporters.ResultCollector.sendToVisualizer(ResultCollector.java:595)
	at org.apache.jmeter.reporters.ResultCollector.sampleOccurred(ResultCollector.java:571)
	at org.apache.jmeter.threads.ListenerNotifier.notifyListeners(ListenerNotifier.java:84)
	at org.apache.jmeter.threads.JMeterThread.notifyListeners(JMeterThread.java:796)
	at org.apache.jmeter.threads.JMeterThread.process_sampler(JMeterThread.java:456)
	at org.apache.jmeter.threads.JMeterThread.run(JMeterThread.java:261)
	at java.base/java.lang.Thread.run(Thread.java:834)

2020/11/23 19:16:28 INFO  - jmeter.threads.JMeterThread: Thread finished: Thread Group  1-8 
2020/11/23 19:16:28 INFO  - jmeter.threads.JMeterThread: Thread finished: Thread Group  1-1 
2020/11/23 19:16:28 INFO  - jmeter.threads.JMeterThread: Thread finished: Thread Group  1-10 
2020/11/23 19:16:28 INFO  - jmeter.threads.JMeterThread: Thread finished: Thread Group  1-6 
2020/11/23 19:16:28 INFO  - jmeter.threads.JMeterThread: Thread finished: Thread Group  1-7 
2020/11/23 19:16:28 INFO  - jmeter.threads.JMeterThread: Thread finished: Thread Group  1-3 
2020/11/23 19:16:28 INFO  - jmeter.threads.JMeterThread: Thread finished: Thread Group  1-9 
2020/11/23 19:16:28 INFO  - jmeter.threads.JMeterThread: Thread finished: Thread Group  1-5 
2020/11/23 19:16:28 INFO  - jmeter.threads.JMeterThread: Thread finished: Thread Group  1-2 
2020/11/23 19:16:28 INFO  - jmeter.threads.JMeterThread: Thread finished: Thread Group  1-4 
2020/11/23 19:16:28 INFO  - jmeter.engine.StandardJMeterEngine: Notifying test listeners of end of test 
2020/11/23 19:16:28 INFO  - jmeter.reporters.Summariser: Generate Summary Results +   1431 in  28.2s =   50.8/s Avg:   190 Min:    25 Max:   301 Err:    10 (0.70%) Active: 0 Started: 10 Finished: 10 
2020/11/23 19:16:28 INFO  - jmeter.reporters.Summariser: Generate Summary Results =   2400 in    62s =   38.8/s Avg:   194 Min:    25 Max:  2285 Err:    10 (0.42%) 
2020/11/23 19:16:28 INFO  - jmeter.gui.util.JMeterMenuBar: setRunning(false,*local*) 
